<?xml version="1.0" encoding="utf-8"?>
<coverage line-rate="0.3156" branch-rate="0.7241" version="1.9" timestamp="1720426731" lines-covered="786" lines-valid="2490" branches-covered="84" branches-valid="116">
  <sources>
    <source>C:\Users\amisha01\OneDrive - Nagarro\Desktop\ExpenseManagement\ExpenseManagementSystem\</source>
  </sources>
  <packages>
    <package name="ExpenseManagement.BLL" line-rate="0.76" branch-rate="0.8026000000000001" complexity="95">
      <classes>
        <class name="ExpenseSplitService" filename="ExpenseManagement.BLL\Services\Implementation\ExpenseSplitService.cs" line-rate="1" branch-rate="1" complexity="1">
          <methods>
            <method name=".ctor" signature="(ExpenseManagement.DAL.Repository.Interface.IExpenseSplitRepository)" line-rate="1" branch-rate="1" complexity="1">
              <lines>
                <line number="12" hits="3" branch="False" />
                <line number="13" hits="3" branch="False" />
                <line number="14" hits="3" branch="False" />
                <line number="15" hits="3" branch="False" />
              </lines>
            </method>
          </methods>
          <lines>
            <line number="12" hits="3" branch="False" />
            <line number="13" hits="3" branch="False" />
            <line number="14" hits="3" branch="False" />
            <line number="15" hits="3" branch="False" />
          </lines>
        </class>
        <class name="ExpenseSplitService/&lt;GetAllExpenseSplitsAsync&gt;d__2" filename="ExpenseManagement.BLL\Services\Implementation\ExpenseSplitService.cs" line-rate="1" branch-rate="1" complexity="1">
          <methods>
            <method name="MoveNext" signature="()" line-rate="1" branch-rate="1" complexity="1">
              <lines>
                <line number="18" hits="3" branch="False" />
                <line number="19" hits="3" branch="False" />
                <line number="20" hits="2" branch="False" />
              </lines>
            </method>
          </methods>
          <lines>
            <line number="18" hits="3" branch="False" />
            <line number="19" hits="3" branch="False" />
            <line number="20" hits="2" branch="False" />
          </lines>
        </class>
        <class name="ExpenseManagement.BLL.Services.Implementation.ExpenseService" filename="ExpenseManagement.BLL\Services\Implementation\ExpenseService.cs" line-rate="1" branch-rate="1" complexity="1">
          <methods>
            <method name=".ctor" signature="(ExpenseManagement.DAL.Repository.Interface.IExpenseRepository,ExpenseManagement.DAL.Repository.Interface.IExpenseSplitRepository,ExpenseManagement.DAL.Repository.Interface.IGroupRepository,AutoMapper.IMapper,ExpenseManagement.DAL.Repository.Interface.IUserRepository)" line-rate="1" branch-rate="1" complexity="1">
              <lines>
                <line number="23" hits="9" branch="False" />
                <line number="24" hits="9" branch="False" />
                <line number="25" hits="9" branch="False" />
                <line number="26" hits="9" branch="False" />
                <line number="27" hits="9" branch="False" />
                <line number="28" hits="9" branch="False" />
                <line number="29" hits="9" branch="False" />
                <line number="30" hits="9" branch="False" />
              </lines>
            </method>
          </methods>
          <lines>
            <line number="23" hits="9" branch="False" />
            <line number="24" hits="9" branch="False" />
            <line number="25" hits="9" branch="False" />
            <line number="26" hits="9" branch="False" />
            <line number="27" hits="9" branch="False" />
            <line number="28" hits="9" branch="False" />
            <line number="29" hits="9" branch="False" />
            <line number="30" hits="9" branch="False" />
          </lines>
        </class>
        <class name="ExpenseManagement.BLL.Services.Implementation.ExpenseService/&lt;&gt;c" filename="ExpenseManagement.BLL\Services\Implementation\ExpenseService.cs" line-rate="1" branch-rate="1" complexity="3">
          <methods>
            <method name="&lt;GetExpensesByGroupIdAsync&gt;b__8_0" signature="(ExpenseManagementSystem.ExpenseManagement.DAL.Expense)" line-rate="1" branch-rate="1" complexity="1">
              <lines>
                <line number="144" hits="4" branch="False" />
              </lines>
            </method>
            <method name="&lt;GetExpensesByGroupIdAsync&gt;b__8_2" signature="(ExpenseManagementSystem.ExpenseManagement.DAL.ExpenseSplit)" line-rate="1" branch-rate="1" complexity="1">
              <lines>
                <line number="155" hits="2" branch="False" />
              </lines>
            </method>
            <method name="&lt;GetExpensesByGroupIdAsync&gt;b__8_3" signature="(System.Linq.IGrouping`2&lt;&lt;&gt;f__AnonymousType0`2&lt;System.String,System.String&gt;,ExpenseManagementSystem.ExpenseManagement.DAL.ExpenseSplit&gt;)" line-rate="1" branch-rate="1" complexity="1">
              <lines>
                <line number="156" hits="1" branch="False" />
              </lines>
            </method>
          </methods>
          <lines>
            <line number="144" hits="4" branch="False" />
            <line number="155" hits="2" branch="False" />
            <line number="156" hits="1" branch="False" />
          </lines>
        </class>
        <class name="ExpenseManagement.BLL.Services.Implementation.ExpenseService/&lt;AddExpenseAsync&gt;d__6" filename="ExpenseManagement.BLL\Services\Implementation\ExpenseService.cs" line-rate="1" branch-rate="1" complexity="2">
          <methods>
            <method name="MoveNext" signature="()" line-rate="1" branch-rate="1" complexity="2">
              <lines>
                <line number="33" hits="2" branch="False" />
                <line number="34" hits="2" branch="False" />
                <line number="35" hits="2" branch="True" condition-coverage="100% (2/2)">
                  <conditions>
                    <condition number="180" type="jump" coverage="100%" />
                  </conditions>
                </line>
                <line number="36" hits="1" branch="False" />
                <line number="37" hits="1" branch="False" />
                <line number="40" hits="1" branch="False" />
                <line number="41" hits="1" branch="False" />
                <line number="42" hits="1" branch="False" />
                <line number="44" hits="1" branch="False" />
                <line number="50" hits="1" branch="False" />
              </lines>
            </method>
          </methods>
          <lines>
            <line number="33" hits="2" branch="False" />
            <line number="34" hits="2" branch="False" />
            <line number="35" hits="2" branch="True" condition-coverage="100% (2/2)">
              <conditions>
                <condition number="180" type="jump" coverage="100%" />
              </conditions>
            </line>
            <line number="36" hits="1" branch="False" />
            <line number="37" hits="1" branch="False" />
            <line number="40" hits="1" branch="False" />
            <line number="41" hits="1" branch="False" />
            <line number="42" hits="1" branch="False" />
            <line number="44" hits="1" branch="False" />
            <line number="50" hits="1" branch="False" />
          </lines>
        </class>
        <class name="ExpenseManagement.BLL.Services.Implementation.ExpenseService/&lt;AddExpenseSplitsAsync&gt;d__7" filename="ExpenseManagement.BLL\Services\Implementation\ExpenseService.cs" line-rate="1" branch-rate="0.9375" complexity="16">
          <methods>
            <method name="MoveNext" signature="()" line-rate="1" branch-rate="0.9375" complexity="16">
              <lines>
                <line number="53" hits="3" branch="False" />
                <line number="54" hits="3" branch="False" />
                <line number="55" hits="3" branch="True" condition-coverage="100% (2/2)">
                  <conditions>
                    <condition number="191" type="jump" coverage="100%" />
                  </conditions>
                </line>
                <line number="56" hits="1" branch="False" />
                <line number="57" hits="1" branch="False" />
                <line number="60" hits="2" branch="False" />
                <line number="61" hits="2" branch="True" condition-coverage="75% (3/4)">
                  <conditions>
                    <condition number="228" type="jump" coverage="50%" />
                    <condition number="251" type="jump" coverage="100%" />
                  </conditions>
                </line>
                <line number="62" hits="1" branch="False" />
                <line number="63" hits="1" branch="False" />
                <line number="66" hits="1" branch="False" />
                <line number="67" hits="5" branch="True" condition-coverage="100% (4/4)">
                  <conditions>
                    <condition number="1148" type="jump" coverage="100%" />
                    <condition number="427" type="jump" coverage="100%" />
                  </conditions>
                </line>
                <line number="68" hits="1" branch="False" />
                <line number="69" hits="1" branch="False" />
                <line number="71" hits="7" branch="True" condition-coverage="100% (2/2)">
                  <conditions>
                    <condition number="1090" type="jump" coverage="100%" />
                  </conditions>
                </line>
                <line number="72" hits="2" branch="False" />
                <line number="73" hits="2" branch="False" />
                <line number="74" hits="2" branch="True" condition-coverage="100% (2/2)">
                  <conditions>
                    <condition number="723" type="jump" coverage="100%" />
                  </conditions>
                </line>
                <line number="75" hits="2" branch="False" />
                <line number="76" hits="2" branch="False" />
                <line number="77" hits="2" branch="False" />
                <line number="78" hits="2" branch="False" />
                <line number="79" hits="2" branch="False" />
                <line number="80" hits="2" branch="False" />
                <line number="81" hits="2" branch="False" />
                <line number="82" hits="2" branch="False" />
                <line number="83" hits="2" branch="False" />
                <line number="86" hits="2" branch="True" condition-coverage="100% (2/2)">
                  <conditions>
                    <condition number="847" type="jump" coverage="100%" />
                  </conditions>
                </line>
                <line number="87" hits="1" branch="False" />
                <line number="88" hits="1" branch="False" />
                <line number="89" hits="1" branch="False" />
                <line number="90" hits="1" branch="False" />
                <line number="92" hits="1" branch="False" />
                <line number="93" hits="1" branch="False" />
                <line number="94" hits="1" branch="False" />
                <line number="95" hits="1" branch="False" />
                <line number="97" hits="2" branch="False" />
                <line number="98" hits="2" branch="False" />
                <line number="99" hits="2" branch="False" />
                <line number="100" hits="1" branch="False" />
                <line number="101" hits="1" branch="False" />
              </lines>
            </method>
          </methods>
          <lines>
            <line number="53" hits="3" branch="False" />
            <line number="54" hits="3" branch="False" />
            <line number="55" hits="3" branch="True" condition-coverage="100% (2/2)">
              <conditions>
                <condition number="191" type="jump" coverage="100%" />
              </conditions>
            </line>
            <line number="56" hits="1" branch="False" />
            <line number="57" hits="1" branch="False" />
            <line number="60" hits="2" branch="False" />
            <line number="61" hits="2" branch="True" condition-coverage="75% (3/4)">
              <conditions>
                <condition number="228" type="jump" coverage="50%" />
                <condition number="251" type="jump" coverage="100%" />
              </conditions>
            </line>
            <line number="62" hits="1" branch="False" />
            <line number="63" hits="1" branch="False" />
            <line number="66" hits="1" branch="False" />
            <line number="67" hits="5" branch="True" condition-coverage="100% (4/4)">
              <conditions>
                <condition number="1148" type="jump" coverage="100%" />
                <condition number="427" type="jump" coverage="100%" />
              </conditions>
            </line>
            <line number="68" hits="1" branch="False" />
            <line number="69" hits="1" branch="False" />
            <line number="71" hits="7" branch="True" condition-coverage="100% (2/2)">
              <conditions>
                <condition number="1090" type="jump" coverage="100%" />
              </conditions>
            </line>
            <line number="72" hits="2" branch="False" />
            <line number="73" hits="2" branch="False" />
            <line number="74" hits="2" branch="True" condition-coverage="100% (2/2)">
              <conditions>
                <condition number="723" type="jump" coverage="100%" />
              </conditions>
            </line>
            <line number="75" hits="2" branch="False" />
            <line number="76" hits="2" branch="False" />
            <line number="77" hits="2" branch="False" />
            <line number="78" hits="2" branch="False" />
            <line number="79" hits="2" branch="False" />
            <line number="80" hits="2" branch="False" />
            <line number="81" hits="2" branch="False" />
            <line number="82" hits="2" branch="False" />
            <line number="83" hits="2" branch="False" />
            <line number="86" hits="2" branch="True" condition-coverage="100% (2/2)">
              <conditions>
                <condition number="847" type="jump" coverage="100%" />
              </conditions>
            </line>
            <line number="87" hits="1" branch="False" />
            <line number="88" hits="1" branch="False" />
            <line number="89" hits="1" branch="False" />
            <line number="90" hits="1" branch="False" />
            <line number="92" hits="1" branch="False" />
            <line number="93" hits="1" branch="False" />
            <line number="94" hits="1" branch="False" />
            <line number="95" hits="1" branch="False" />
            <line number="97" hits="2" branch="False" />
            <line number="98" hits="2" branch="False" />
            <line number="99" hits="2" branch="False" />
            <line number="100" hits="1" branch="False" />
            <line number="101" hits="1" branch="False" />
          </lines>
        </class>
        <class name="ExpenseManagement.BLL.Services.Implementation.ExpenseService/&lt;CalculateOweAmount&gt;d__9" filename="ExpenseManagement.BLL\Services\Implementation\ExpenseService.cs" line-rate="0" branch-rate="0" complexity="2">
          <methods>
            <method name="MoveNext" signature="()" line-rate="0" branch-rate="0" complexity="2">
              <lines>
                <line number="198" hits="0" branch="False" />
                <line number="199" hits="0" branch="False" />
                <line number="200" hits="0" branch="True" condition-coverage="0% (0/2)">
                  <conditions>
                    <condition number="170" type="jump" coverage="0%" />
                  </conditions>
                </line>
                <line number="201" hits="0" branch="False" />
                <line number="203" hits="0" branch="False" />
                <line number="205" hits="0" branch="False" />
                <line number="206" hits="0" branch="False" />
              </lines>
            </method>
          </methods>
          <lines>
            <line number="198" hits="0" branch="False" />
            <line number="199" hits="0" branch="False" />
            <line number="200" hits="0" branch="True" condition-coverage="0% (0/2)">
              <conditions>
                <condition number="170" type="jump" coverage="0%" />
              </conditions>
            </line>
            <line number="201" hits="0" branch="False" />
            <line number="203" hits="0" branch="False" />
            <line number="205" hits="0" branch="False" />
            <line number="206" hits="0" branch="False" />
          </lines>
        </class>
        <class name="ExpenseManagement.BLL.Services.Implementation.ExpenseService/&lt;GetExpensesByGroupIdAsync&gt;d__8" filename="ExpenseManagement.BLL\Services\Implementation\ExpenseService.cs" line-rate="0.875" branch-rate="0.6" complexity="30">
          <methods>
            <method name="MoveNext" signature="()" line-rate="0.875" branch-rate="0.6" complexity="30">
              <lines>
                <line number="140" hits="2" branch="True" condition-coverage="100% (2/2)">
                  <conditions>
                    <condition number="16" type="jump" coverage="100%" />
                  </conditions>
                </line>
                <line number="141" hits="2" branch="False" />
                <line number="142" hits="2" branch="True" condition-coverage="50% (1/2)">
                  <conditions>
                    <condition number="196" type="jump" coverage="50%" />
                  </conditions>
                </line>
                <line number="145" hits="2" branch="False" />
                <line number="147" hits="2" branch="False" />
                <line number="148" hits="2" branch="True" condition-coverage="50% (1/2)">
                  <conditions>
                    <condition number="446" type="jump" coverage="50%" />
                  </conditions>
                </line>
                <line number="150" hits="8" branch="True" condition-coverage="100% (2/2)">
                  <conditions>
                    <condition number="1510" type="jump" coverage="100%" />
                  </conditions>
                </line>
                <line number="151" hits="1" branch="False" />
                <line number="152" hits="1" branch="False" />
                <line number="153" hits="1" branch="True" condition-coverage="50% (1/2)">
                  <conditions>
                    <condition number="745" type="jump" coverage="50%" />
                  </conditions>
                </line>
                <line number="157" hits="1" branch="False" />
                <line number="158" hits="1" branch="False" />
                <line number="160" hits="1" branch="False" />
                <line number="161" hits="1" branch="True" condition-coverage="50% (1/2)">
                  <conditions>
                    <condition number="1006" type="jump" coverage="50%" />
                  </conditions>
                </line>
                <line number="164" hits="5" branch="True" condition-coverage="100% (2/2)">
                  <conditions>
                    <condition number="1435" type="jump" coverage="100%" />
                  </conditions>
                </line>
                <line number="165" hits="1" branch="False" />
                <line number="166" hits="1" branch="False" />
                <line number="167" hits="1" branch="True" condition-coverage="50% (2/4)">
                  <conditions>
                    <condition number="1248" type="jump" coverage="50%" />
                    <condition number="1260" type="jump" coverage="50%" />
                  </conditions>
                </line>
                <line number="168" hits="1" branch="True" condition-coverage="50% (1/2)">
                  <conditions>
                    <condition number="1305" type="jump" coverage="50%" />
                  </conditions>
                </line>
                <line number="169" hits="0" branch="False" />
                <line number="170" hits="0" branch="False" />
                <line number="171" hits="0" branch="False" />
                <line number="172" hits="0" branch="False" />
                <line number="174" hits="1" branch="False" />
                <line number="175" hits="1" branch="False" />
                <line number="176" hits="1" branch="False" />
                <line number="177" hits="1" branch="False" />
                <line number="178" hits="1" branch="False" />
                <line number="179" hits="1" branch="False" />
                <line number="181" hits="2" branch="True" condition-coverage="50% (1/2)">
                  <conditions>
                    <condition number="1581" type="jump" coverage="50%" />
                  </conditions>
                </line>
                <line number="182" hits="2" branch="False" />
                <line number="183" hits="2" branch="False" />
              </lines>
            </method>
          </methods>
          <lines>
            <line number="140" hits="2" branch="True" condition-coverage="100% (2/2)">
              <conditions>
                <condition number="16" type="jump" coverage="100%" />
              </conditions>
            </line>
            <line number="141" hits="2" branch="False" />
            <line number="142" hits="2" branch="True" condition-coverage="50% (1/2)">
              <conditions>
                <condition number="196" type="jump" coverage="50%" />
              </conditions>
            </line>
            <line number="145" hits="2" branch="False" />
            <line number="147" hits="2" branch="False" />
            <line number="148" hits="2" branch="True" condition-coverage="50% (1/2)">
              <conditions>
                <condition number="446" type="jump" coverage="50%" />
              </conditions>
            </line>
            <line number="150" hits="8" branch="True" condition-coverage="100% (2/2)">
              <conditions>
                <condition number="1510" type="jump" coverage="100%" />
              </conditions>
            </line>
            <line number="151" hits="1" branch="False" />
            <line number="152" hits="1" branch="False" />
            <line number="153" hits="1" branch="True" condition-coverage="50% (1/2)">
              <conditions>
                <condition number="745" type="jump" coverage="50%" />
              </conditions>
            </line>
            <line number="157" hits="1" branch="False" />
            <line number="158" hits="1" branch="False" />
            <line number="160" hits="1" branch="False" />
            <line number="161" hits="1" branch="True" condition-coverage="50% (1/2)">
              <conditions>
                <condition number="1006" type="jump" coverage="50%" />
              </conditions>
            </line>
            <line number="164" hits="5" branch="True" condition-coverage="100% (2/2)">
              <conditions>
                <condition number="1435" type="jump" coverage="100%" />
              </conditions>
            </line>
            <line number="165" hits="1" branch="False" />
            <line number="166" hits="1" branch="False" />
            <line number="167" hits="1" branch="True" condition-coverage="50% (2/4)">
              <conditions>
                <condition number="1248" type="jump" coverage="50%" />
                <condition number="1260" type="jump" coverage="50%" />
              </conditions>
            </line>
            <line number="168" hits="1" branch="True" condition-coverage="50% (1/2)">
              <conditions>
                <condition number="1305" type="jump" coverage="50%" />
              </conditions>
            </line>
            <line number="169" hits="0" branch="False" />
            <line number="170" hits="0" branch="False" />
            <line number="171" hits="0" branch="False" />
            <line number="172" hits="0" branch="False" />
            <line number="174" hits="1" branch="False" />
            <line number="175" hits="1" branch="False" />
            <line number="176" hits="1" branch="False" />
            <line number="177" hits="1" branch="False" />
            <line number="178" hits="1" branch="False" />
            <line number="179" hits="1" branch="False" />
            <line number="181" hits="2" branch="True" condition-coverage="50% (1/2)">
              <conditions>
                <condition number="1581" type="jump" coverage="50%" />
              </conditions>
            </line>
            <line number="182" hits="2" branch="False" />
            <line number="183" hits="2" branch="False" />
          </lines>
        </class>
        <class name="ExpenseManagement.BLL.Services.Implementation.ExpenseService/&lt;SettleExpensesAsync&gt;d__10" filename="ExpenseManagement.BLL\Services\Implementation\ExpenseService.cs" line-rate="1" branch-rate="1" complexity="8">
          <methods>
            <method name="MoveNext" signature="()" line-rate="1" branch-rate="1" complexity="8">
              <lines>
                <line number="209" hits="2" branch="False" />
                <line number="210" hits="10" branch="True" condition-coverage="100% (2/2)">
                  <conditions>
                    <condition number="837" type="jump" coverage="100%" />
                  </conditions>
                </line>
                <line number="211" hits="2" branch="False" />
                <line number="212" hits="2" branch="False" />
                <line number="213" hits="2" branch="True" condition-coverage="100% (2/2)">
                  <conditions>
                    <condition number="246" type="jump" coverage="100%" />
                  </conditions>
                </line>
                <line number="214" hits="1" branch="False" />
                <line number="216" hits="1" branch="False" />
                <line number="219" hits="1" branch="False" />
                <line number="220" hits="1" branch="False" />
                <line number="222" hits="1" branch="False" />
                <line number="223" hits="1" branch="True" condition-coverage="100% (2/2)">
                  <conditions>
                    <condition number="534" type="jump" coverage="100%" />
                  </conditions>
                </line>
                <line number="224" hits="1" branch="False" />
                <line number="225" hits="5" branch="True" condition-coverage="100% (2/2)">
                  <conditions>
                    <condition number="761" type="jump" coverage="100%" />
                  </conditions>
                </line>
                <line number="226" hits="1" branch="False" />
                <line number="227" hits="1" branch="False" />
                <line number="228" hits="1" branch="False" />
                <line number="229" hits="1" branch="False" />
                <line number="230" hits="1" branch="False" />
                <line number="231" hits="1" branch="False" />
                <line number="232" hits="1" branch="False" />
                <line number="233" hits="2" branch="False" />
              </lines>
            </method>
          </methods>
          <lines>
            <line number="209" hits="2" branch="False" />
            <line number="210" hits="10" branch="True" condition-coverage="100% (2/2)">
              <conditions>
                <condition number="837" type="jump" coverage="100%" />
              </conditions>
            </line>
            <line number="211" hits="2" branch="False" />
            <line number="212" hits="2" branch="False" />
            <line number="213" hits="2" branch="True" condition-coverage="100% (2/2)">
              <conditions>
                <condition number="246" type="jump" coverage="100%" />
              </conditions>
            </line>
            <line number="214" hits="1" branch="False" />
            <line number="216" hits="1" branch="False" />
            <line number="219" hits="1" branch="False" />
            <line number="220" hits="1" branch="False" />
            <line number="222" hits="1" branch="False" />
            <line number="223" hits="1" branch="True" condition-coverage="100% (2/2)">
              <conditions>
                <condition number="534" type="jump" coverage="100%" />
              </conditions>
            </line>
            <line number="224" hits="1" branch="False" />
            <line number="225" hits="5" branch="True" condition-coverage="100% (2/2)">
              <conditions>
                <condition number="761" type="jump" coverage="100%" />
              </conditions>
            </line>
            <line number="226" hits="1" branch="False" />
            <line number="227" hits="1" branch="False" />
            <line number="228" hits="1" branch="False" />
            <line number="229" hits="1" branch="False" />
            <line number="230" hits="1" branch="False" />
            <line number="231" hits="1" branch="False" />
            <line number="232" hits="1" branch="False" />
            <line number="233" hits="2" branch="False" />
          </lines>
        </class>
        <class name="ExpenseManagement.BLL.Services.Implementation.GroupService" filename="ExpenseManagement.BLL\Services\Implementation\GroupService.cs" line-rate="0.8571" branch-rate="1" complexity="2">
          <methods>
            <method name="get_Context" signature="()" line-rate="0" branch-rate="1" complexity="1">
              <lines>
                <line number="27" hits="0" branch="False" />
              </lines>
            </method>
            <method name=".ctor" signature="(ExpenseManagement.DAL.Repository.Interface.IGroupRepository,AutoMapper.IMapper,ExpenseManagementSystem.ExpenseManagement.DAL.ExpenseSharingContext)" line-rate="1" branch-rate="1" complexity="1">
              <lines>
                <line number="20" hits="12" branch="False" />
                <line number="21" hits="12" branch="False" />
                <line number="22" hits="12" branch="False" />
                <line number="23" hits="12" branch="False" />
                <line number="24" hits="12" branch="False" />
                <line number="25" hits="12" branch="False" />
              </lines>
            </method>
          </methods>
          <lines>
            <line number="27" hits="0" branch="False" />
            <line number="20" hits="12" branch="False" />
            <line number="21" hits="12" branch="False" />
            <line number="22" hits="12" branch="False" />
            <line number="23" hits="12" branch="False" />
            <line number="24" hits="12" branch="False" />
            <line number="25" hits="12" branch="False" />
          </lines>
        </class>
        <class name="ExpenseManagement.BLL.Services.Implementation.GroupService/&lt;CreateGroupAsync&gt;d__7" filename="ExpenseManagement.BLL\Services\Implementation\GroupService.cs" line-rate="1" branch-rate="1" complexity="8">
          <methods>
            <method name="MoveNext" signature="()" line-rate="1" branch-rate="1" complexity="8">
              <lines>
                <line number="89" hits="4" branch="False" />
                <line number="90" hits="4" branch="True" condition-coverage="100% (2/2)">
                  <conditions>
                    <condition number="171" type="jump" coverage="100%" />
                  </conditions>
                </line>
                <line number="91" hits="1" branch="False" />
                <line number="92" hits="1" branch="False" />
                <line number="95" hits="3" branch="True" condition-coverage="100% (2/2)">
                  <conditions>
                    <condition number="209" type="jump" coverage="100%" />
                  </conditions>
                </line>
                <line number="96" hits="1" branch="False" />
                <line number="97" hits="1" branch="False" />
                <line number="100" hits="2" branch="False" />
                <line number="101" hits="2" branch="False" />
                <line number="103" hits="11" branch="True" condition-coverage="100% (2/2)">
                  <conditions>
                    <condition number="651" type="jump" coverage="100%" />
                  </conditions>
                </line>
                <line number="104" hits="3" branch="False" />
                <line number="105" hits="3" branch="False" />
                <line number="106" hits="3" branch="True" condition-coverage="100% (2/2)">
                  <conditions>
                    <condition number="491" type="jump" coverage="100%" />
                  </conditions>
                </line>
                <line number="107" hits="1" branch="False" />
                <line number="108" hits="1" branch="False" />
                <line number="111" hits="2" branch="False" />
                <line number="112" hits="2" branch="False" />
                <line number="113" hits="2" branch="False" />
                <line number="114" hits="2" branch="False" />
                <line number="115" hits="2" branch="False" />
                <line number="116" hits="2" branch="False" />
                <line number="118" hits="2" branch="False" />
                <line number="119" hits="2" branch="False" />
                <line number="121" hits="1" branch="False" />
                <line number="122" hits="1" branch="False" />
                <line number="124" hits="1" branch="False" />
                <line number="125" hits="1" branch="False" />
              </lines>
            </method>
          </methods>
          <lines>
            <line number="89" hits="4" branch="False" />
            <line number="90" hits="4" branch="True" condition-coverage="100% (2/2)">
              <conditions>
                <condition number="171" type="jump" coverage="100%" />
              </conditions>
            </line>
            <line number="91" hits="1" branch="False" />
            <line number="92" hits="1" branch="False" />
            <line number="95" hits="3" branch="True" condition-coverage="100% (2/2)">
              <conditions>
                <condition number="209" type="jump" coverage="100%" />
              </conditions>
            </line>
            <line number="96" hits="1" branch="False" />
            <line number="97" hits="1" branch="False" />
            <line number="100" hits="2" branch="False" />
            <line number="101" hits="2" branch="False" />
            <line number="103" hits="11" branch="True" condition-coverage="100% (2/2)">
              <conditions>
                <condition number="651" type="jump" coverage="100%" />
              </conditions>
            </line>
            <line number="104" hits="3" branch="False" />
            <line number="105" hits="3" branch="False" />
            <line number="106" hits="3" branch="True" condition-coverage="100% (2/2)">
              <conditions>
                <condition number="491" type="jump" coverage="100%" />
              </conditions>
            </line>
            <line number="107" hits="1" branch="False" />
            <line number="108" hits="1" branch="False" />
            <line number="111" hits="2" branch="False" />
            <line number="112" hits="2" branch="False" />
            <line number="113" hits="2" branch="False" />
            <line number="114" hits="2" branch="False" />
            <line number="115" hits="2" branch="False" />
            <line number="116" hits="2" branch="False" />
            <line number="118" hits="2" branch="False" />
            <line number="119" hits="2" branch="False" />
            <line number="121" hits="1" branch="False" />
            <line number="122" hits="1" branch="False" />
            <line number="124" hits="1" branch="False" />
            <line number="125" hits="1" branch="False" />
          </lines>
        </class>
        <class name="ExpenseManagement.BLL.Services.Implementation.GroupService/&lt;DeleteGroupAsync&gt;d__8" filename="ExpenseManagement.BLL\Services\Implementation\GroupService.cs" line-rate="1" branch-rate="1" complexity="2">
          <methods>
            <method name="MoveNext" signature="()" line-rate="1" branch-rate="1" complexity="2">
              <lines>
                <line number="169" hits="2" branch="False" />
                <line number="170" hits="2" branch="False" />
                <line number="171" hits="2" branch="True" condition-coverage="100% (2/2)">
                  <conditions>
                    <condition number="187" type="jump" coverage="100%" />
                  </conditions>
                </line>
                <line number="172" hits="1" branch="False" />
                <line number="173" hits="1" branch="False" />
                <line number="177" hits="1" branch="False" />
                <line number="180" hits="1" branch="False" />
                <line number="188" hits="1" branch="False" />
              </lines>
            </method>
          </methods>
          <lines>
            <line number="169" hits="2" branch="False" />
            <line number="170" hits="2" branch="False" />
            <line number="171" hits="2" branch="True" condition-coverage="100% (2/2)">
              <conditions>
                <condition number="187" type="jump" coverage="100%" />
              </conditions>
            </line>
            <line number="172" hits="1" branch="False" />
            <line number="173" hits="1" branch="False" />
            <line number="177" hits="1" branch="False" />
            <line number="180" hits="1" branch="False" />
            <line number="188" hits="1" branch="False" />
          </lines>
        </class>
        <class name="ExpenseManagement.BLL.Services.Implementation.GroupService/&lt;GetAllGroupsAsync&gt;d__9" filename="ExpenseManagement.BLL\Services\Implementation\GroupService.cs" line-rate="1" branch-rate="1" complexity="1">
          <methods>
            <method name="MoveNext" signature="()" line-rate="1" branch-rate="1" complexity="1">
              <lines>
                <line number="191" hits="1" branch="False" />
                <line number="192" hits="1" branch="False" />
                <line number="193" hits="1" branch="False" />
                <line number="194" hits="1" branch="False" />
                <line number="195" hits="1" branch="False" />
                <line number="196" hits="1" branch="False" />
                <line number="197" hits="1" branch="False" />
                <line number="198" hits="1" branch="False" />
              </lines>
            </method>
          </methods>
          <lines>
            <line number="191" hits="1" branch="False" />
            <line number="192" hits="1" branch="False" />
            <line number="193" hits="1" branch="False" />
            <line number="194" hits="1" branch="False" />
            <line number="195" hits="1" branch="False" />
            <line number="196" hits="1" branch="False" />
            <line number="197" hits="1" branch="False" />
            <line number="198" hits="1" branch="False" />
          </lines>
        </class>
        <class name="ExpenseManagement.BLL.Services.Implementation.GroupService/&lt;GetGroupByIdAsync&gt;d__10" filename="ExpenseManagement.BLL\Services\Implementation\GroupService.cs" line-rate="1" branch-rate="1" complexity="2">
          <methods>
            <method name="MoveNext" signature="()" line-rate="1" branch-rate="1" complexity="2">
              <lines>
                <line number="202" hits="2" branch="False" />
                <line number="203" hits="2" branch="False" />
                <line number="204" hits="2" branch="True" condition-coverage="100% (2/2)">
                  <conditions>
                    <condition number="164" type="jump" coverage="100%" />
                  </conditions>
                </line>
                <line number="205" hits="1" branch="False" />
                <line number="206" hits="1" branch="False" />
                <line number="209" hits="1" branch="False" />
                <line number="210" hits="1" branch="False" />
                <line number="221" hits="2" branch="False" />
              </lines>
            </method>
          </methods>
          <lines>
            <line number="202" hits="2" branch="False" />
            <line number="203" hits="2" branch="False" />
            <line number="204" hits="2" branch="True" condition-coverage="100% (2/2)">
              <conditions>
                <condition number="164" type="jump" coverage="100%" />
              </conditions>
            </line>
            <line number="205" hits="1" branch="False" />
            <line number="206" hits="1" branch="False" />
            <line number="209" hits="1" branch="False" />
            <line number="210" hits="1" branch="False" />
            <line number="221" hits="2" branch="False" />
          </lines>
        </class>
        <class name="ExpenseManagement.BLL.Services.Implementation.GroupService/&lt;UpdateGroupAsync&gt;d__11" filename="ExpenseManagement.BLL\Services\Implementation\GroupService.cs" line-rate="1" branch-rate="1" complexity="6">
          <methods>
            <method name="MoveNext" signature="()" line-rate="1" branch-rate="1" complexity="6">
              <lines>
                <line number="224" hits="3" branch="False" />
                <line number="225" hits="3" branch="False" />
                <line number="226" hits="3" branch="True" condition-coverage="100% (2/2)">
                  <conditions>
                    <condition number="194" type="jump" coverage="100%" />
                  </conditions>
                </line>
                <line number="227" hits="1" branch="False" />
                <line number="228" hits="1" branch="False" />
                <line number="231" hits="2" branch="False" />
                <line number="232" hits="2" branch="False" />
                <line number="235" hits="2" branch="False" />
                <line number="236" hits="11" branch="True" condition-coverage="100% (2/2)">
                  <conditions>
                    <condition number="636" type="jump" coverage="100%" />
                  </conditions>
                </line>
                <line number="237" hits="3" branch="False" />
                <line number="238" hits="3" branch="False" />
                <line number="239" hits="3" branch="True" condition-coverage="100% (2/2)">
                  <conditions>
                    <condition number="478" type="jump" coverage="100%" />
                  </conditions>
                </line>
                <line number="240" hits="2" branch="False" />
                <line number="241" hits="2" branch="False" />
                <line number="242" hits="2" branch="False" />
                <line number="243" hits="2" branch="False" />
                <line number="244" hits="2" branch="False" />
                <line number="245" hits="2" branch="False" />
                <line number="246" hits="2" branch="False" />
                <line number="247" hits="2" branch="False" />
                <line number="248" hits="2" branch="False" />
                <line number="250" hits="1" branch="False" />
                <line number="251" hits="1" branch="False" />
                <line number="253" hits="2" branch="False" />
                <line number="255" hits="1" branch="False" />
                <line number="256" hits="1" branch="False" />
                <line number="257" hits="1" branch="False" />
              </lines>
            </method>
          </methods>
          <lines>
            <line number="224" hits="3" branch="False" />
            <line number="225" hits="3" branch="False" />
            <line number="226" hits="3" branch="True" condition-coverage="100% (2/2)">
              <conditions>
                <condition number="194" type="jump" coverage="100%" />
              </conditions>
            </line>
            <line number="227" hits="1" branch="False" />
            <line number="228" hits="1" branch="False" />
            <line number="231" hits="2" branch="False" />
            <line number="232" hits="2" branch="False" />
            <line number="235" hits="2" branch="False" />
            <line number="236" hits="11" branch="True" condition-coverage="100% (2/2)">
              <conditions>
                <condition number="636" type="jump" coverage="100%" />
              </conditions>
            </line>
            <line number="237" hits="3" branch="False" />
            <line number="238" hits="3" branch="False" />
            <line number="239" hits="3" branch="True" condition-coverage="100% (2/2)">
              <conditions>
                <condition number="478" type="jump" coverage="100%" />
              </conditions>
            </line>
            <line number="240" hits="2" branch="False" />
            <line number="241" hits="2" branch="False" />
            <line number="242" hits="2" branch="False" />
            <line number="243" hits="2" branch="False" />
            <line number="244" hits="2" branch="False" />
            <line number="245" hits="2" branch="False" />
            <line number="246" hits="2" branch="False" />
            <line number="247" hits="2" branch="False" />
            <line number="248" hits="2" branch="False" />
            <line number="250" hits="1" branch="False" />
            <line number="251" hits="1" branch="False" />
            <line number="253" hits="2" branch="False" />
            <line number="255" hits="1" branch="False" />
            <line number="256" hits="1" branch="False" />
            <line number="257" hits="1" branch="False" />
          </lines>
        </class>
        <class name="ExpenseManagement.BLL.Services.Implementation.MemberService" filename="ExpenseManagement.BLL\Services\Implementation\MemberService.cs" line-rate="1" branch-rate="1" complexity="1">
          <methods>
            <method name=".ctor" signature="(ExpenseManagement.DAL.Repository.Interface.IMemberRepository,AutoMapper.IMapper)" line-rate="1" branch-rate="1" complexity="1">
              <lines>
                <line number="16" hits="2" branch="False" />
                <line number="17" hits="2" branch="False" />
                <line number="18" hits="2" branch="False" />
                <line number="19" hits="2" branch="False" />
                <line number="20" hits="2" branch="False" />
              </lines>
            </method>
          </methods>
          <lines>
            <line number="16" hits="2" branch="False" />
            <line number="17" hits="2" branch="False" />
            <line number="18" hits="2" branch="False" />
            <line number="19" hits="2" branch="False" />
            <line number="20" hits="2" branch="False" />
          </lines>
        </class>
        <class name="ExpenseManagement.BLL.Services.Implementation.MemberService/&lt;GetGroupsByUserIdAsync&gt;d__3" filename="ExpenseManagement.BLL\Services\Implementation\MemberService.cs" line-rate="1" branch-rate="1" complexity="1">
          <methods>
            <method name="MoveNext" signature="()" line-rate="1" branch-rate="1" complexity="1">
              <lines>
                <line number="23" hits="2" branch="False" />
                <line number="24" hits="2" branch="False" />
                <line number="25" hits="2" branch="False" />
                <line number="26" hits="2" branch="False" />
              </lines>
            </method>
          </methods>
          <lines>
            <line number="23" hits="2" branch="False" />
            <line number="24" hits="2" branch="False" />
            <line number="25" hits="2" branch="False" />
            <line number="26" hits="2" branch="False" />
          </lines>
        </class>
        <class name="ExpenseManagement.BLL.Services.Implementation.MemberService/&lt;GetMemberByGroupId&gt;d__4" filename="ExpenseManagement.BLL\Services\Implementation\MemberService.cs" line-rate="0" branch-rate="1" complexity="1">
          <methods>
            <method name="MoveNext" signature="()" line-rate="0" branch-rate="1" complexity="1">
              <lines>
                <line number="29" hits="0" branch="False" />
                <line number="30" hits="0" branch="False" />
                <line number="31" hits="0" branch="False" />
                <line number="32" hits="0" branch="False" />
              </lines>
            </method>
          </methods>
          <lines>
            <line number="29" hits="0" branch="False" />
            <line number="30" hits="0" branch="False" />
            <line number="31" hits="0" branch="False" />
            <line number="32" hits="0" branch="False" />
          </lines>
        </class>
        <class name="ExpenseManagement.BLL.Services.Implementation.UserService" filename="ExpenseManagement.BLL\Services\Implementation\UserService.cs" line-rate="1" branch-rate="1" complexity="1">
          <methods>
            <method name=".ctor" signature="(ExpenseManagement.DAL.Repository.Interface.IUserRepository,AutoMapper.IMapper,ExpenseManagement.DAL.Repository.Interface.IExpenseSplitRepository)" line-rate="1" branch-rate="1" complexity="1">
              <lines>
                <line number="20" hits="6" branch="False" />
                <line number="21" hits="6" branch="False" />
                <line number="22" hits="6" branch="False" />
                <line number="23" hits="6" branch="False" />
                <line number="24" hits="6" branch="False" />
                <line number="25" hits="6" branch="False" />
              </lines>
            </method>
          </methods>
          <lines>
            <line number="20" hits="6" branch="False" />
            <line number="21" hits="6" branch="False" />
            <line number="22" hits="6" branch="False" />
            <line number="23" hits="6" branch="False" />
            <line number="24" hits="6" branch="False" />
            <line number="25" hits="6" branch="False" />
          </lines>
        </class>
        <class name="ExpenseManagement.BLL.Services.Implementation.UserService/&lt;&gt;c" filename="ExpenseManagement.BLL\Services\Implementation\UserService.cs" line-rate="1" branch-rate="1" complexity="2">
          <methods>
            <method name="&lt;GetUserTotalOwesAsync&gt;b__5_0" signature="(ExpenseManagementSystem.ExpenseManagement.DAL.ExpenseSplit)" line-rate="1" branch-rate="1" complexity="1">
              <lines>
                <line number="35" hits="4" branch="False" />
              </lines>
            </method>
            <method name="&lt;GetUserTotalOwnsAsync&gt;b__6_0" signature="(ExpenseManagementSystem.ExpenseManagement.DAL.ExpenseSplit)" line-rate="1" branch-rate="1" complexity="1">
              <lines>
                <line number="41" hits="4" branch="False" />
              </lines>
            </method>
          </methods>
          <lines>
            <line number="35" hits="4" branch="False" />
            <line number="41" hits="4" branch="False" />
          </lines>
        </class>
        <class name="ExpenseManagement.BLL.Services.Implementation.UserService/&lt;GetAllUsersAsync&gt;d__4" filename="ExpenseManagement.BLL\Services\Implementation\UserService.cs" line-rate="1" branch-rate="1" complexity="1">
          <methods>
            <method name="MoveNext" signature="()" line-rate="1" branch-rate="1" complexity="1">
              <lines>
                <line number="28" hits="2" branch="False" />
                <line number="29" hits="2" branch="False" />
                <line number="30" hits="2" branch="False" />
                <line number="31" hits="2" branch="False" />
              </lines>
            </method>
          </methods>
          <lines>
            <line number="28" hits="2" branch="False" />
            <line number="29" hits="2" branch="False" />
            <line number="30" hits="2" branch="False" />
            <line number="31" hits="2" branch="False" />
          </lines>
        </class>
        <class name="ExpenseManagement.BLL.Services.Implementation.UserService/&lt;GetUserTotalOwesAsync&gt;d__5" filename="ExpenseManagement.BLL\Services\Implementation\UserService.cs" line-rate="1" branch-rate="1" complexity="1">
          <methods>
            <method name="MoveNext" signature="()" line-rate="1" branch-rate="1" complexity="1">
              <lines>
                <line number="33" hits="2" branch="False" />
                <line number="34" hits="2" branch="False" />
                <line number="36" hits="2" branch="False" />
              </lines>
            </method>
          </methods>
          <lines>
            <line number="33" hits="2" branch="False" />
            <line number="34" hits="2" branch="False" />
            <line number="36" hits="2" branch="False" />
          </lines>
        </class>
        <class name="ExpenseManagement.BLL.Services.Implementation.UserService/&lt;GetUserTotalOwnsAsync&gt;d__6" filename="ExpenseManagement.BLL\Services\Implementation\UserService.cs" line-rate="1" branch-rate="1" complexity="1">
          <methods>
            <method name="MoveNext" signature="()" line-rate="1" branch-rate="1" complexity="1">
              <lines>
                <line number="39" hits="2" branch="False" />
                <line number="40" hits="2" branch="False" />
                <line number="42" hits="2" branch="False" />
              </lines>
            </method>
          </methods>
          <lines>
            <line number="39" hits="2" branch="False" />
            <line number="40" hits="2" branch="False" />
            <line number="42" hits="2" branch="False" />
          </lines>
        </class>
        <class name="ExpenseManagement.BLL.Mapper.MappingConfig" filename="ExpenseManagement.BLL\Mapper\MappingConfig.cs" line-rate="0" branch-rate="1" complexity="1">
          <methods>
            <method name=".ctor" signature="()" line-rate="0" branch-rate="1" complexity="1">
              <lines>
                <line number="11" hits="0" branch="False" />
                <line number="12" hits="0" branch="False" />
                <line number="14" hits="0" branch="False" />
                <line number="15" hits="0" branch="False" />
                <line number="16" hits="0" branch="False" />
                <line number="19" hits="0" branch="False" />
                <line number="20" hits="0" branch="False" />
                <line number="21" hits="0" branch="False" />
                <line number="24" hits="0" branch="False" />
                <line number="25" hits="0" branch="False" />
                <line number="28" hits="0" branch="False" />
                <line number="29" hits="0" branch="False" />
                <line number="30" hits="0" branch="False" />
                <line number="31" hits="0" branch="False" />
                <line number="32" hits="0" branch="False" />
                <line number="33" hits="0" branch="False" />
                <line number="34" hits="0" branch="False" />
                <line number="35" hits="0" branch="False" />
                <line number="36" hits="0" branch="False" />
                <line number="37" hits="0" branch="False" />
                <line number="38" hits="0" branch="False" />
                <line number="39" hits="0" branch="False" />
                <line number="40" hits="0" branch="False" />
                <line number="41" hits="0" branch="False" />
                <line number="42" hits="0" branch="False" />
                <line number="45" hits="0" branch="False" />
                <line number="48" hits="0" branch="False" />
                <line number="49" hits="0" branch="False" />
                <line number="50" hits="0" branch="False" />
                <line number="51" hits="0" branch="False" />
                <line number="52" hits="0" branch="False" />
                <line number="53" hits="0" branch="False" />
                <line number="54" hits="0" branch="False" />
                <line number="56" hits="0" branch="False" />
                <line number="57" hits="0" branch="False" />
                <line number="58" hits="0" branch="False" />
                <line number="59" hits="0" branch="False" />
                <line number="60" hits="0" branch="False" />
                <line number="61" hits="0" branch="False" />
                <line number="62" hits="0" branch="False" />
                <line number="63" hits="0" branch="False" />
                <line number="64" hits="0" branch="False" />
                <line number="65" hits="0" branch="False" />
                <line number="66" hits="0" branch="False" />
                <line number="67" hits="0" branch="False" />
                <line number="68" hits="0" branch="False" />
                <line number="69" hits="0" branch="False" />
                <line number="70" hits="0" branch="False" />
                <line number="72" hits="0" branch="False" />
                <line number="73" hits="0" branch="False" />
                <line number="74" hits="0" branch="False" />
                <line number="76" hits="0" branch="False" />
                <line number="77" hits="0" branch="False" />
                <line number="78" hits="0" branch="False" />
                <line number="79" hits="0" branch="False" />
                <line number="80" hits="0" branch="False" />
              </lines>
            </method>
          </methods>
          <lines>
            <line number="11" hits="0" branch="False" />
            <line number="12" hits="0" branch="False" />
            <line number="14" hits="0" branch="False" />
            <line number="15" hits="0" branch="False" />
            <line number="16" hits="0" branch="False" />
            <line number="19" hits="0" branch="False" />
            <line number="20" hits="0" branch="False" />
            <line number="21" hits="0" branch="False" />
            <line number="24" hits="0" branch="False" />
            <line number="25" hits="0" branch="False" />
            <line number="28" hits="0" branch="False" />
            <line number="29" hits="0" branch="False" />
            <line number="30" hits="0" branch="False" />
            <line number="31" hits="0" branch="False" />
            <line number="32" hits="0" branch="False" />
            <line number="33" hits="0" branch="False" />
            <line number="34" hits="0" branch="False" />
            <line number="35" hits="0" branch="False" />
            <line number="36" hits="0" branch="False" />
            <line number="37" hits="0" branch="False" />
            <line number="38" hits="0" branch="False" />
            <line number="39" hits="0" branch="False" />
            <line number="40" hits="0" branch="False" />
            <line number="41" hits="0" branch="False" />
            <line number="42" hits="0" branch="False" />
            <line number="45" hits="0" branch="False" />
            <line number="48" hits="0" branch="False" />
            <line number="49" hits="0" branch="False" />
            <line number="50" hits="0" branch="False" />
            <line number="51" hits="0" branch="False" />
            <line number="52" hits="0" branch="False" />
            <line number="53" hits="0" branch="False" />
            <line number="54" hits="0" branch="False" />
            <line number="56" hits="0" branch="False" />
            <line number="57" hits="0" branch="False" />
            <line number="58" hits="0" branch="False" />
            <line number="59" hits="0" branch="False" />
            <line number="60" hits="0" branch="False" />
            <line number="61" hits="0" branch="False" />
            <line number="62" hits="0" branch="False" />
            <line number="63" hits="0" branch="False" />
            <line number="64" hits="0" branch="False" />
            <line number="65" hits="0" branch="False" />
            <line number="66" hits="0" branch="False" />
            <line number="67" hits="0" branch="False" />
            <line number="68" hits="0" branch="False" />
            <line number="69" hits="0" branch="False" />
            <line number="70" hits="0" branch="False" />
            <line number="72" hits="0" branch="False" />
            <line number="73" hits="0" branch="False" />
            <line number="74" hits="0" branch="False" />
            <line number="76" hits="0" branch="False" />
            <line number="77" hits="0" branch="False" />
            <line number="78" hits="0" branch="False" />
            <line number="79" hits="0" branch="False" />
            <line number="80" hits="0" branch="False" />
          </lines>
        </class>
      </classes>
    </package>
    <package name="ExpenseManagement.DAL" line-rate="0.2351" branch-rate="0.625" complexity="150">
      <classes>
        <class name="ExpenseManagement.DAL.Repository.Implementation.ExpenseRepository" filename="ExpenseManagement.DAL\Repository\Implementation\ExpenseRepository.cs" line-rate="1" branch-rate="1" complexity="1">
          <methods>
            <method name=".ctor" signature="(ExpenseManagementSystem.ExpenseManagement.DAL.ExpenseSharingContext)" line-rate="1" branch-rate="1" complexity="1">
              <lines>
                <line number="14" hits="8" branch="False" />
                <line number="15" hits="8" branch="False" />
                <line number="16" hits="8" branch="False" />
                <line number="17" hits="8" branch="False" />
              </lines>
            </method>
          </methods>
          <lines>
            <line number="14" hits="8" branch="False" />
            <line number="15" hits="8" branch="False" />
            <line number="16" hits="8" branch="False" />
            <line number="17" hits="8" branch="False" />
          </lines>
        </class>
        <class name="ExpenseManagement.DAL.Repository.Implementation.ExpenseRepository/&lt;AddAsync&gt;d__6" filename="ExpenseManagement.DAL\Repository\Implementation\ExpenseRepository.cs" line-rate="1" branch-rate="1" complexity="1">
          <methods>
            <method name="MoveNext" signature="()" line-rate="1" branch-rate="1" complexity="1">
              <lines>
                <line number="54" hits="1" branch="False" />
                <line number="55" hits="1" branch="False" />
                <line number="56" hits="1" branch="False" />
                <line number="57" hits="1" branch="False" />
              </lines>
            </method>
          </methods>
          <lines>
            <line number="54" hits="1" branch="False" />
            <line number="55" hits="1" branch="False" />
            <line number="56" hits="1" branch="False" />
            <line number="57" hits="1" branch="False" />
          </lines>
        </class>
        <class name="ExpenseManagement.DAL.Repository.Implementation.ExpenseRepository/&lt;GetByGroupIdAsync&gt;d__2" filename="ExpenseManagement.DAL\Repository\Implementation\ExpenseRepository.cs" line-rate="1" branch-rate="1" complexity="1">
          <methods>
            <method name="MoveNext" signature="()" line-rate="1" branch-rate="1" complexity="1">
              <lines>
                <line number="20" hits="2" branch="False" />
                <line number="21" hits="2" branch="False" />
                <line number="22" hits="2" branch="False" />
                <line number="23" hits="2" branch="False" />
                <line number="24" hits="2" branch="False" />
                <line number="25" hits="2" branch="False" />
                <line number="26" hits="2" branch="False" />
                <line number="27" hits="2" branch="False" />
              </lines>
            </method>
          </methods>
          <lines>
            <line number="20" hits="2" branch="False" />
            <line number="21" hits="2" branch="False" />
            <line number="22" hits="2" branch="False" />
            <line number="23" hits="2" branch="False" />
            <line number="24" hits="2" branch="False" />
            <line number="25" hits="2" branch="False" />
            <line number="26" hits="2" branch="False" />
            <line number="27" hits="2" branch="False" />
          </lines>
        </class>
        <class name="ExpenseManagement.DAL.Repository.Implementation.ExpenseRepository/&lt;GetByIdAsync&gt;d__3" filename="ExpenseManagement.DAL\Repository\Implementation\ExpenseRepository.cs" line-rate="1" branch-rate="1" complexity="1">
          <methods>
            <method name="MoveNext" signature="()" line-rate="1" branch-rate="1" complexity="1">
              <lines>
                <line number="30" hits="2" branch="False" />
                <line number="31" hits="2" branch="False" />
                <line number="32" hits="2" branch="False" />
                <line number="33" hits="2" branch="False" />
                <line number="34" hits="2" branch="False" />
                <line number="35" hits="2" branch="False" />
              </lines>
            </method>
          </methods>
          <lines>
            <line number="30" hits="2" branch="False" />
            <line number="31" hits="2" branch="False" />
            <line number="32" hits="2" branch="False" />
            <line number="33" hits="2" branch="False" />
            <line number="34" hits="2" branch="False" />
            <line number="35" hits="2" branch="False" />
          </lines>
        </class>
        <class name="ExpenseManagement.DAL.Repository.Implementation.ExpenseRepository/&lt;GetTotalAmountOwnedByUserAsync&gt;d__5" filename="ExpenseManagement.DAL\Repository\Implementation\ExpenseRepository.cs" line-rate="1" branch-rate="1" complexity="1">
          <methods>
            <method name="MoveNext" signature="()" line-rate="1" branch-rate="1" complexity="1">
              <lines>
                <line number="45" hits="2" branch="False" />
                <line number="46" hits="2" branch="False" />
                <line number="47" hits="2" branch="False" />
                <line number="48" hits="2" branch="False" />
                <line number="52" hits="2" branch="False" />
              </lines>
            </method>
          </methods>
          <lines>
            <line number="45" hits="2" branch="False" />
            <line number="46" hits="2" branch="False" />
            <line number="47" hits="2" branch="False" />
            <line number="48" hits="2" branch="False" />
            <line number="52" hits="2" branch="False" />
          </lines>
        </class>
        <class name="ExpenseManagement.DAL.Repository.Implementation.ExpenseRepository/&lt;UpdateAsync&gt;d__4" filename="ExpenseManagement.DAL\Repository\Implementation\ExpenseRepository.cs" line-rate="1" branch-rate="1" complexity="1">
          <methods>
            <method name="MoveNext" signature="()" line-rate="1" branch-rate="1" complexity="1">
              <lines>
                <line number="38" hits="1" branch="False" />
                <line number="39" hits="1" branch="False" />
                <line number="41" hits="1" branch="False" />
                <line number="42" hits="1" branch="False" />
              </lines>
            </method>
          </methods>
          <lines>
            <line number="38" hits="1" branch="False" />
            <line number="39" hits="1" branch="False" />
            <line number="41" hits="1" branch="False" />
            <line number="42" hits="1" branch="False" />
          </lines>
        </class>
        <class name="ExpenseManagement.DAL.Repository.Implementation.ExpenseSplitRepository" filename="ExpenseManagement.DAL\Repository\Implementation\ExpenseSplitRepository.cs" line-rate="1" branch-rate="1" complexity="1">
          <methods>
            <method name=".ctor" signature="(ExpenseManagementSystem.ExpenseManagement.DAL.ExpenseSharingContext)" line-rate="1" branch-rate="1" complexity="1">
              <lines>
                <line number="14" hits="8" branch="False" />
                <line number="15" hits="8" branch="False" />
                <line number="16" hits="8" branch="False" />
                <line number="17" hits="8" branch="False" />
              </lines>
            </method>
          </methods>
          <lines>
            <line number="14" hits="8" branch="False" />
            <line number="15" hits="8" branch="False" />
            <line number="16" hits="8" branch="False" />
            <line number="17" hits="8" branch="False" />
          </lines>
        </class>
        <class name="ExpenseManagement.DAL.Repository.Implementation.ExpenseSplitRepository/&lt;AddExpenseSplitAsync&gt;d__2" filename="ExpenseManagement.DAL\Repository\Implementation\ExpenseSplitRepository.cs" line-rate="1" branch-rate="1" complexity="1">
          <methods>
            <method name="MoveNext" signature="()" line-rate="1" branch-rate="1" complexity="1">
              <lines>
                <line number="20" hits="1" branch="False" />
                <line number="21" hits="1" branch="False" />
                <line number="22" hits="1" branch="False" />
                <line number="23" hits="1" branch="False" />
              </lines>
            </method>
          </methods>
          <lines>
            <line number="20" hits="1" branch="False" />
            <line number="21" hits="1" branch="False" />
            <line number="22" hits="1" branch="False" />
            <line number="23" hits="1" branch="False" />
          </lines>
        </class>
        <class name="ExpenseManagement.DAL.Repository.Implementation.ExpenseSplitRepository/&lt;GetAllExpenseSplitsAsync&gt;d__4" filename="ExpenseManagement.DAL\Repository\Implementation\ExpenseSplitRepository.cs" line-rate="1" branch-rate="1" complexity="1">
          <methods>
            <method name="MoveNext" signature="()" line-rate="1" branch-rate="1" complexity="1">
              <lines>
                <line number="32" hits="1" branch="False" />
                <line number="33" hits="1" branch="False" />
                <line number="34" hits="1" branch="False" />
                <line number="35" hits="1" branch="False" />
                <line number="36" hits="1" branch="False" />
              </lines>
            </method>
          </methods>
          <lines>
            <line number="32" hits="1" branch="False" />
            <line number="33" hits="1" branch="False" />
            <line number="34" hits="1" branch="False" />
            <line number="35" hits="1" branch="False" />
            <line number="36" hits="1" branch="False" />
          </lines>
        </class>
        <class name="ExpenseManagement.DAL.Repository.Implementation.ExpenseSplitRepository/&lt;GetExpenseSplitsByUserIdAsync&gt;d__7" filename="ExpenseManagement.DAL\Repository\Implementation\ExpenseSplitRepository.cs" line-rate="0" branch-rate="1" complexity="1">
          <methods>
            <method name="MoveNext" signature="()" line-rate="0" branch-rate="1" complexity="1">
              <lines>
                <line number="56" hits="0" branch="False" />
                <line number="57" hits="0" branch="False" />
                <line number="58" hits="0" branch="False" />
              </lines>
            </method>
          </methods>
          <lines>
            <line number="56" hits="0" branch="False" />
            <line number="57" hits="0" branch="False" />
            <line number="58" hits="0" branch="False" />
          </lines>
        </class>
        <class name="ExpenseManagement.DAL.Repository.Implementation.ExpenseSplitRepository/&lt;GetSplitByExpenseIdAndUserIdAsync&gt;d__3" filename="ExpenseManagement.DAL\Repository\Implementation\ExpenseSplitRepository.cs" line-rate="1" branch-rate="1" complexity="1">
          <methods>
            <method name="MoveNext" signature="()" line-rate="1" branch-rate="1" complexity="1">
              <lines>
                <line number="26" hits="3" branch="False" />
                <line number="27" hits="3" branch="False" />
                <line number="28" hits="3" branch="False" />
                <line number="29" hits="3" branch="False" />
              </lines>
            </method>
          </methods>
          <lines>
            <line number="26" hits="3" branch="False" />
            <line number="27" hits="3" branch="False" />
            <line number="28" hits="3" branch="False" />
            <line number="29" hits="3" branch="False" />
          </lines>
        </class>
        <class name="ExpenseManagement.DAL.Repository.Implementation.ExpenseSplitRepository/&lt;GetSplitsByExpenseIdAsync&gt;d__5" filename="ExpenseManagement.DAL\Repository\Implementation\ExpenseSplitRepository.cs" line-rate="1" branch-rate="1" complexity="1">
          <methods>
            <method name="MoveNext" signature="()" line-rate="1" branch-rate="1" complexity="1">
              <lines>
                <line number="39" hits="2" branch="False" />
                <line number="40" hits="2" branch="False" />
                <line number="41" hits="2" branch="False" />
                <line number="42" hits="2" branch="False" />
                <line number="43" hits="2" branch="False" />
                <line number="44" hits="2" branch="False" />
              </lines>
            </method>
          </methods>
          <lines>
            <line number="39" hits="2" branch="False" />
            <line number="40" hits="2" branch="False" />
            <line number="41" hits="2" branch="False" />
            <line number="42" hits="2" branch="False" />
            <line number="43" hits="2" branch="False" />
            <line number="44" hits="2" branch="False" />
          </lines>
        </class>
        <class name="ExpenseManagement.DAL.Repository.Implementation.ExpenseSplitRepository/&lt;GetTotalAmountOwedByUserAsync&gt;d__6" filename="ExpenseManagement.DAL\Repository\Implementation\ExpenseSplitRepository.cs" line-rate="1" branch-rate="1" complexity="1">
          <methods>
            <method name="MoveNext" signature="()" line-rate="1" branch-rate="1" complexity="1">
              <lines>
                <line number="47" hits="2" branch="False" />
                <line number="49" hits="2" branch="False" />
                <line number="50" hits="2" branch="False" />
                <line number="51" hits="2" branch="False" />
                <line number="53" hits="2" branch="False" />
                <line number="54" hits="2" branch="False" />
              </lines>
            </method>
          </methods>
          <lines>
            <line number="47" hits="2" branch="False" />
            <line number="49" hits="2" branch="False" />
            <line number="50" hits="2" branch="False" />
            <line number="51" hits="2" branch="False" />
            <line number="53" hits="2" branch="False" />
            <line number="54" hits="2" branch="False" />
          </lines>
        </class>
        <class name="ExpenseManagement.DAL.Repository.Implementation.ExpenseSplitRepository/&lt;UpdateExpenseSplitAsync&gt;d__8" filename="ExpenseManagement.DAL\Repository\Implementation\ExpenseSplitRepository.cs" line-rate="0" branch-rate="1" complexity="1">
          <methods>
            <method name="MoveNext" signature="()" line-rate="0" branch-rate="1" complexity="1">
              <lines>
                <line number="60" hits="0" branch="False" />
                <line number="61" hits="0" branch="False" />
                <line number="62" hits="0" branch="False" />
                <line number="63" hits="0" branch="False" />
              </lines>
            </method>
          </methods>
          <lines>
            <line number="60" hits="0" branch="False" />
            <line number="61" hits="0" branch="False" />
            <line number="62" hits="0" branch="False" />
            <line number="63" hits="0" branch="False" />
          </lines>
        </class>
        <class name="ExpenseManagement.DAL.Repository.Implementation.GroupRepository" filename="ExpenseManagement.DAL\Repository\Implementation\GroupRepository.cs" line-rate="1" branch-rate="1" complexity="1">
          <methods>
            <method name=".ctor" signature="(ExpenseManagementSystem.ExpenseManagement.DAL.ExpenseSharingContext,AutoMapper.IMapper)" line-rate="1" branch-rate="1" complexity="1">
              <lines>
                <line number="18" hits="10" branch="False" />
                <line number="19" hits="10" branch="False" />
                <line number="20" hits="10" branch="False" />
                <line number="21" hits="10" branch="False" />
                <line number="22" hits="10" branch="False" />
              </lines>
            </method>
          </methods>
          <lines>
            <line number="18" hits="10" branch="False" />
            <line number="19" hits="10" branch="False" />
            <line number="20" hits="10" branch="False" />
            <line number="21" hits="10" branch="False" />
            <line number="22" hits="10" branch="False" />
          </lines>
        </class>
        <class name="ExpenseManagement.DAL.Repository.Implementation.GroupRepository/&lt;AddGroupAsync&gt;d__5" filename="ExpenseManagement.DAL\Repository\Implementation\GroupRepository.cs" line-rate="1" branch-rate="1" complexity="1">
          <methods>
            <method name="MoveNext" signature="()" line-rate="1" branch-rate="1" complexity="1">
              <lines>
                <line number="43" hits="1" branch="False" />
                <line number="44" hits="1" branch="False" />
                <line number="45" hits="1" branch="False" />
                <line number="46" hits="1" branch="False" />
                <line number="47" hits="1" branch="False" />
              </lines>
            </method>
          </methods>
          <lines>
            <line number="43" hits="1" branch="False" />
            <line number="44" hits="1" branch="False" />
            <line number="45" hits="1" branch="False" />
            <line number="46" hits="1" branch="False" />
            <line number="47" hits="1" branch="False" />
          </lines>
        </class>
        <class name="ExpenseManagement.DAL.Repository.Implementation.GroupRepository/&lt;DeleteGroupAsync&gt;d__7" filename="ExpenseManagement.DAL\Repository\Implementation\GroupRepository.cs" line-rate="1" branch-rate="1" complexity="2">
          <methods>
            <method name="MoveNext" signature="()" line-rate="1" branch-rate="1" complexity="2">
              <lines>
                <line number="57" hits="1" branch="False" />
                <line number="58" hits="1" branch="False" />
                <line number="59" hits="1" branch="True" condition-coverage="100% (2/2)">
                  <conditions>
                    <condition number="192" type="jump" coverage="100%" />
                  </conditions>
                </line>
                <line number="60" hits="1" branch="False" />
                <line number="61" hits="1" branch="False" />
                <line number="62" hits="1" branch="False" />
                <line number="63" hits="1" branch="False" />
                <line number="64" hits="1" branch="False" />
              </lines>
            </method>
          </methods>
          <lines>
[...]
              </lines>
            </method>
          </methods>
          <lines>
            <line number="64" hits="1" branch="False" />
            <line number="65" hits="1" branch="False" />
            <line number="66" hits="1" branch="False" />
            <line number="67" hits="1" branch="False" />
          </lines>
        </class>
        <class name="ExpenseManagementSystem.Controllers.GroupController" filename="ExpenseManagementSystem\Controllers\GroupController.cs" line-rate="1" branch-rate="1" complexity="1">
          <methods>
            <method name=".ctor" signature="(ExpenseManagement.DAL.Repository.Interface.IGroupRepository,ExpenseManagement.BLL.Services.Interface.IGroupService,AutoMapper.IMapper)" line-rate="1" branch-rate="1" complexity="1">
              <lines>
                <line number="22" hits="10" branch="False" />
                <line number="23" hits="10" branch="False" />
                <line number="24" hits="10" branch="False" />
                <line number="25" hits="10" branch="False" />
                <line number="26" hits="10" branch="False" />
                <line number="27" hits="10" branch="False" />
              </lines>
            </method>
          </methods>
          <lines>
            <line number="22" hits="10" branch="False" />
            <line number="23" hits="10" branch="False" />
            <line number="24" hits="10" branch="False" />
            <line number="25" hits="10" branch="False" />
            <line number="26" hits="10" branch="False" />
            <line number="27" hits="10" branch="False" />
          </lines>
        </class>
        <class name="ExpenseManagementSystem.Controllers.GroupController/&lt;CreateGroup&gt;d__6" filename="ExpenseManagementSystem\Controllers\GroupController.cs" line-rate="0.75" branch-rate="1" complexity="2">
          <methods>
            <method name="MoveNext" signature="()" line-rate="0.75" branch-rate="1" complexity="2">
              <lines>
                <line number="60" hits="2" branch="False" />
                <line number="61" hits="2" branch="True" condition-coverage="100% (2/2)">
                  <conditions>
                    <condition number="36" type="jump" coverage="100%" />
                  </conditions>
                </line>
                <line number="62" hits="1" branch="False" />
                <line number="63" hits="1" branch="False" />
                <line number="67" hits="1" branch="False" />
                <line number="68" hits="1" branch="False" />
                <line number="69" hits="1" branch="False" />
                <line number="70" hits="1" branch="False" />
                <line number="74" hits="0" branch="False" />
                <line number="75" hits="0" branch="False" />
                <line number="76" hits="0" branch="False" />
                <line number="78" hits="2" branch="False" />
              </lines>
            </method>
          </methods>
          <lines>
            <line number="60" hits="2" branch="False" />
            <line number="61" hits="2" branch="True" condition-coverage="100% (2/2)">
              <conditions>
                <condition number="36" type="jump" coverage="100%" />
              </conditions>
            </line>
            <line number="62" hits="1" branch="False" />
            <line number="63" hits="1" branch="False" />
            <line number="67" hits="1" branch="False" />
            <line number="68" hits="1" branch="False" />
            <line number="69" hits="1" branch="False" />
            <line number="70" hits="1" branch="False" />
            <line number="74" hits="0" branch="False" />
            <line number="75" hits="0" branch="False" />
            <line number="76" hits="0" branch="False" />
            <line number="78" hits="2" branch="False" />
          </lines>
        </class>
        <class name="ExpenseManagementSystem.Controllers.GroupController/&lt;DeleteGroup&gt;d__8" filename="ExpenseManagementSystem\Controllers\GroupController.cs" line-rate="1" branch-rate="1" complexity="1">
          <methods>
            <method name="MoveNext" signature="()" line-rate="1" branch-rate="1" complexity="1">
              <lines>
                <line number="117" hits="2" branch="False" />
                <line number="119" hits="2" branch="False" />
                <line number="120" hits="2" branch="False" />
                <line number="121" hits="1" branch="False" />
                <line number="123" hits="1" branch="False" />
                <line number="124" hits="1" branch="False" />
                <line number="125" hits="1" branch="False" />
                <line number="126" hits="1" branch="False" />
                <line number="130" hits="2" branch="False" />
              </lines>
            </method>
          </methods>
          <lines>
            <line number="117" hits="2" branch="False" />
            <line number="119" hits="2" branch="False" />
            <line number="120" hits="2" branch="False" />
            <line number="121" hits="1" branch="False" />
            <line number="123" hits="1" branch="False" />
            <line number="124" hits="1" branch="False" />
            <line number="125" hits="1" branch="False" />
            <line number="126" hits="1" branch="False" />
            <line number="130" hits="2" branch="False" />
          </lines>
        </class>
        <class name="ExpenseManagementSystem.Controllers.GroupController/&lt;GetGroup&gt;d__5" filename="ExpenseManagementSystem\Controllers\GroupController.cs" line-rate="1" branch-rate="1" complexity="2">
          <methods>
            <method name="MoveNext" signature="()" line-rate="1" branch-rate="1" complexity="2">
              <lines>
                <line number="38" hits="2" branch="False" />
                <line number="39" hits="2" branch="False" />
                <line number="40" hits="2" branch="True" condition-coverage="100% (2/2)">
                  <conditions>
                    <condition number="164" type="jump" coverage="100%" />
                  </conditions>
                </line>
                <line number="41" hits="1" branch="False" />
                <line number="42" hits="1" branch="False" />
                <line number="44" hits="1" branch="False" />
                <line number="45" hits="2" branch="False" />
              </lines>
            </method>
          </methods>
          <lines>
            <line number="38" hits="2" branch="False" />
            <line number="39" hits="2" branch="False" />
            <line number="40" hits="2" branch="True" condition-coverage="100% (2/2)">
              <conditions>
                <condition number="164" type="jump" coverage="100%" />
              </conditions>
            </line>
            <line number="41" hits="1" branch="False" />
            <line number="42" hits="1" branch="False" />
            <line number="44" hits="1" branch="False" />
            <line number="45" hits="2" branch="False" />
          </lines>
        </class>
        <class name="ExpenseManagementSystem.Controllers.GroupController/&lt;GetGroups&gt;d__4" filename="ExpenseManagementSystem\Controllers\GroupController.cs" line-rate="1" branch-rate="1" complexity="1">
          <methods>
            <method name="MoveNext" signature="()" line-rate="1" branch-rate="1" complexity="1">
              <lines>
                <line number="31" hits="1" branch="False" />
                <line number="32" hits="1" branch="False" />
                <line number="33" hits="1" branch="False" />
                <line number="34" hits="1" branch="False" />
              </lines>
            </method>
          </methods>
          <lines>
            <line number="31" hits="1" branch="False" />
            <line number="32" hits="1" branch="False" />
            <line number="33" hits="1" branch="False" />
            <line number="34" hits="1" branch="False" />
          </lines>
        </class>
        <class name="ExpenseManagementSystem.Controllers.GroupController/&lt;PutGroup&gt;d__7" filename="ExpenseManagementSystem\Controllers\GroupController.cs" line-rate="0.7857" branch-rate="1" complexity="4">
          <methods>
            <method name="MoveNext" signature="()" line-rate="0.7857" branch-rate="1" complexity="4">
              <lines>
                <line number="81" hits="3" branch="False" />
                <line number="82" hits="3" branch="True" condition-coverage="100% (2/2)">
                  <conditions>
                    <condition number="36" type="jump" coverage="100%" />
                  </conditions>
                </line>
                <line number="83" hits="1" branch="False" />
                <line number="84" hits="1" branch="False" />
                <line number="87" hits="2" branch="True" condition-coverage="100% (2/2)">
                  <conditions>
                    <condition number="91" type="jump" coverage="100%" />
                  </conditions>
                </line>
                <line number="88" hits="1" branch="False" />
                <line number="89" hits="1" branch="False" />
                <line number="93" hits="1" branch="False" />
                <line number="94" hits="1" branch="False" />
                <line number="95" hits="1" branch="False" />
                <line number="97" hits="0" branch="False" />
                <line number="98" hits="0" branch="False" />
                <line number="99" hits="0" branch="False" />
                <line number="101" hits="3" branch="False" />
              </lines>
            </method>
          </methods>
          <lines>
            <line number="81" hits="3" branch="False" />
            <line number="82" hits="3" branch="True" condition-coverage="100% (2/2)">
              <conditions>
                <condition number="36" type="jump" coverage="100%" />
              </conditions>
            </line>
            <line number="83" hits="1" branch="False" />
            <line number="84" hits="1" branch="False" />
            <line number="87" hits="2" branch="True" condition-coverage="100% (2/2)">
              <conditions>
                <condition number="91" type="jump" coverage="100%" />
              </conditions>
            </line>
            <line number="88" hits="1" branch="False" />
            <line number="89" hits="1" branch="False" />
            <line number="93" hits="1" branch="False" />
            <line number="94" hits="1" branch="False" />
            <line number="95" hits="1" branch="False" />
            <line number="97" hits="0" branch="False" />
            <line number="98" hits="0" branch="False" />
            <line number="99" hits="0" branch="False" />
            <line number="101" hits="3" branch="False" />
          </lines>
        </class>
        <class name="ExpenseManagementSystem.Controllers.MemberController" filename="ExpenseManagementSystem\Controllers\MemberController.cs" line-rate="1" branch-rate="1" complexity="1">
          <methods>
            <method name=".ctor" signature="(ExpenseManagement.DAL.Repository.Interface.IMemberRepository,ExpenseManagement.BLL.Services.Interface.IMemberService)" line-rate="1" branch-rate="1" complexity="1">
              <lines>
                <line number="19" hits="3" branch="False" />
                <line number="20" hits="3" branch="False" />
                <line number="21" hits="3" branch="False" />
                <line number="22" hits="3" branch="False" />
                <line number="23" hits="3" branch="False" />
              </lines>
            </method>
          </methods>
          <lines>
            <line number="19" hits="3" branch="False" />
            <line number="20" hits="3" branch="False" />
            <line number="21" hits="3" branch="False" />
            <line number="22" hits="3" branch="False" />
            <line number="23" hits="3" branch="False" />
          </lines>
        </class>
        <class name="ExpenseManagementSystem.Controllers.MemberController/&lt;GetGroupsByUserId&gt;d__3" filename="ExpenseManagementSystem\Controllers\MemberController.cs" line-rate="1" branch-rate="1" complexity="2">
          <methods>
            <method name="MoveNext" signature="()" line-rate="1" branch-rate="1" complexity="2">
              <lines>
                <line number="29" hits="3" branch="False" />
                <line number="30" hits="3" branch="False" />
                <line number="31" hits="3" branch="True" condition-coverage="100% (2/2)">
                  <conditions>
                    <condition number="164" type="jump" coverage="100%" />
                  </conditions>
                </line>
                <line number="32" hits="1" branch="False" />
                <line number="33" hits="1" branch="False" />
                <line number="35" hits="2" branch="False" />
                <line number="38" hits="3" branch="False" />
              </lines>
            </method>
          </methods>
          <lines>
            <line number="29" hits="3" branch="False" />
            <line number="30" hits="3" branch="False" />
            <line number="31" hits="3" branch="True" condition-coverage="100% (2/2)">
              <conditions>
                <condition number="164" type="jump" coverage="100%" />
              </conditions>
            </line>
            <line number="32" hits="1" branch="False" />
            <line number="33" hits="1" branch="False" />
            <line number="35" hits="2" branch="False" />
            <line number="38" hits="3" branch="False" />
          </lines>
        </class>
        <class name="ExpenseManagementSystem.Controllers.MemberController/&lt;GetMemberByGroupId&gt;d__4" filename="ExpenseManagementSystem\Controllers\MemberController.cs" line-rate="0" branch-rate="0" complexity="2">
          <methods>
            <method name="MoveNext" signature="()" line-rate="0" branch-rate="0" complexity="2">
              <lines>
                <line number="41" hits="0" branch="False" />
                <line number="42" hits="0" branch="False" />
                <line number="43" hits="0" branch="True" condition-coverage="0% (0/2)">
                  <conditions>
                    <condition number="164" type="jump" coverage="0%" />
                  </conditions>
                </line>
                <line number="44" hits="0" branch="False" />
                <line number="45" hits="0" branch="False" />
                <line number="47" hits="0" branch="False" />
                <line number="50" hits="0" branch="False" />
              </lines>
            </method>
          </methods>
          <lines>
            <line number="41" hits="0" branch="False" />
            <line number="42" hits="0" branch="False" />
            <line number="43" hits="0" branch="True" condition-coverage="0% (0/2)">
              <conditions>
                <condition number="164" type="jump" coverage="0%" />
              </conditions>
            </line>
            <line number="44" hits="0" branch="False" />
            <line number="45" hits="0" branch="False" />
            <line number="47" hits="0" branch="False" />
            <line number="50" hits="0" branch="False" />
          </lines>
        </class>
        <class name="ExpenseManagementSystem.Controllers.UserController" filename="ExpenseManagementSystem\Controllers\UserController.cs" line-rate="1" branch-rate="1" complexity="1">
          <methods>
            <method name=".ctor" signature="(ExpenseManagement.BLL.Services.Interface.IUserService)" line-rate="1" branch-rate="1" complexity="1">
              <lines>
                <line number="11" hits="2" branch="False" />
                <line number="12" hits="2" branch="False" />
                <line number="13" hits="2" branch="False" />
                <line number="14" hits="2" branch="False" />
              </lines>
            </method>
          </methods>
          <lines>
            <line number="11" hits="2" branch="False" />
            <line number="12" hits="2" branch="False" />
            <line number="13" hits="2" branch="False" />
            <line number="14" hits="2" branch="False" />
          </lines>
        </class>
        <class name="ExpenseManagementSystem.Controllers.UserController/&lt;GetAllUsers&gt;d__2" filename="ExpenseManagementSystem\Controllers\UserController.cs" line-rate="1" branch-rate="1" complexity="2">
          <methods>
            <method name="MoveNext" signature="()" line-rate="1" branch-rate="1" complexity="2">
              <lines>
                <line number="19" hits="2" branch="False" />
                <line number="20" hits="2" branch="False" />
                <line number="21" hits="2" branch="True" condition-coverage="100% (2/2)">
                  <conditions>
                    <condition number="158" type="jump" coverage="100%" />
                  </conditions>
                </line>
                <line number="22" hits="1" branch="False" />
                <line number="23" hits="1" branch="False" />
                <line number="25" hits="1" branch="False" />
                <line number="26" hits="2" branch="False" />
              </lines>
            </method>
          </methods>
          <lines>
            <line number="19" hits="2" branch="False" />
            <line number="20" hits="2" branch="False" />
            <line number="21" hits="2" branch="True" condition-coverage="100% (2/2)">
              <conditions>
                <condition number="158" type="jump" coverage="100%" />
              </conditions>
            </line>
            <line number="22" hits="1" branch="False" />
            <line number="23" hits="1" branch="False" />
            <line number="25" hits="1" branch="False" />
            <line number="26" hits="2" branch="False" />
          </lines>
        </class>
        <class name="ExpenseManagementSystem.Controllers.UserController/&lt;GetUserTotalOwes&gt;d__3" filename="ExpenseManagementSystem\Controllers\UserController.cs" line-rate="0" branch-rate="1" complexity="1">
          <methods>
            <method name="MoveNext" signature="()" line-rate="0" branch-rate="1" complexity="1">
              <lines>
                <line number="29" hits="0" branch="False" />
                <line number="30" hits="0" branch="False" />
                <line number="31" hits="0" branch="False" />
                <line number="32" hits="0" branch="False" />
              </lines>
            </method>
          </methods>
          <lines>
            <line number="29" hits="0" branch="False" />
            <line number="30" hits="0" branch="False" />
            <line number="31" hits="0" branch="False" />
            <line number="32" hits="0" branch="False" />
          </lines>
        </class>
        <class name="ExpenseManagementSystem.Controllers.UserController/&lt;GetUserTotalOwns&gt;d__4" filename="ExpenseManagementSystem\Controllers\UserController.cs" line-rate="0" branch-rate="1" complexity="1">
          <methods>
            <method name="MoveNext" signature="()" line-rate="0" branch-rate="1" complexity="1">
              <lines>
                <line number="36" hits="0" branch="False" />
                <line number="37" hits="0" branch="False" />
                <line number="38" hits="0" branch="False" />
                <line number="39" hits="0" branch="False" />
              </lines>
            </method>
          </methods>
          <lines>
            <line number="36" hits="0" branch="False" />
            <line number="37" hits="0" branch="False" />
            <line number="38" hits="0" branch="False" />
            <line number="39" hits="0" branch="False" />
          </lines>
        </class>
      </classes>
    </package>
  </packages>
</coverage>